<?xml version="1.0" encoding="UTF-8"?>
<!-- Generated by org.testng.reporters.JUnitXMLReporter -->
<testsuite ignored="0" hostname="chulliyan" failures="0" tests="3" name="Test" time="5.324" errors="0" timestamp="2025-05-05T11:38:15 IST">
  <testcase classname="com.sadevops.AppTest" name="testLogin1" time="0.021"/>
  <testcase classname="com.sadevops.AppTest" name="testLogin2" time="0.001"/>
  <testcase classname="com.sadevops.TC_Login" name="login_Test" time="5.245"/>
</testsuite> <!-- Test -->
