<?xml version="1.0" encoding="UTF-8"?>
<!-- Generated by org.testng.reporters.JUnitXMLReporter -->
<testsuite ignored="0" hostname="chulliyan" failures="0" tests="3" name="Test" time="2.686" errors="0" timestamp="2025-05-05T12:54:39 IST">
  <testcase classname="com.sadevops.AppTest" name="testLogin1" time="0.01"/>
  <testcase classname="com.sadevops.AppTest" name="testLogin2" time="0.001"/>
  <testcase classname="com.sadevops.TC_Login" name="login_Test" time="2.632"/>
</testsuite> <!-- Test -->
