<?xml version="1.0" encoding="UTF-8"?>
<testng-results ignored="0" total="3" passed="3" failed="0" skipped="0">
  <reporter-output>
  </reporter-output>
  <suite started-at="2025-05-05T11:38:09 IST" name="Suite" finished-at="2025-05-05T11:38:15 IST" duration-ms="5324">
    <groups>
    </groups>
    <test started-at="2025-05-05T11:38:09 IST" name="Test" finished-at="2025-05-05T11:38:15 IST" duration-ms="5324">
      <class name="com.sadevops.AppTest">
        <test-method signature="testLogin1()[pri:0, instance:com.sadevops.AppTest@75d3a5e0]" started-at="2025-05-05T11:38:09 IST" name="testLogin1" finished-at="2025-05-05T11:38:09 IST" duration-ms="21" status="PASS">
          <reporter-output>
          </reporter-output>
        </test-method> <!-- testLogin1 -->
        <test-method signature="testLogin2()[pri:0, instance:com.sadevops.AppTest@75d3a5e0]" started-at="2025-05-05T11:38:09 IST" name="testLogin2" finished-at="2025-05-05T11:38:09 IST" duration-ms="1" status="PASS">
          <reporter-output>
          </reporter-output>
        </test-method> <!-- testLogin2 -->
      </class> <!-- com.sadevops.AppTest -->
      <class name="com.sadevops.TC_Login">
        <test-method signature="login_Test()[pri:0, instance:com.sadevops.TC_Login@79e4c792]" started-at="2025-05-05T11:38:09 IST" name="login_Test" finished-at="2025-05-05T11:38:15 IST" duration-ms="5245" status="PASS">
          <reporter-output>
          </reporter-output>
        </test-method> <!-- login_Test -->
      </class> <!-- com.sadevops.TC_Login -->
    </test> <!-- Test -->
  </suite> <!-- Suite -->
</testng-results>
